<?xml version="1.0" encoding="UTF-8"?>
<testsuite name="Regression Test"
           tests="2"
           failures="0"
           errors="0"
           skipped="0"
           time="25.808">
  <properties />
  
  
            <testcase name="verifyProductsPriceDisplayHighToLowSuccessfully" time="5.364" classname="com.tutorialsninja.testsuite.LaptopsAndNotebooksTest" />
                <testcase name="verifyThatUserPlaceOrderSuccessfully" time="20.444" classname="com.tutorialsninja.testsuite.LaptopsAndNotebooksTest" />
      
</testsuite>
